d:\uni projects\pool game v3.0@week4\openglbowling\debug\vc142.pdb
d:\uni projects\pool game v3.0@week4\openglbowling\debug\vc142.idb
d:\uni projects\pool game v3.0@week4\openglbowling\debug\pool game.obj
d:\uni projects\pool game v3.0@week4\openglbowling\debug\simulation.obj
d:\uni projects\pool game v3.0@week4\openglbowling\debug\stdafx.obj
d:\uni projects\pool game v3.0@week4\openglbowling\debug\threaded_client.obj
d:\uni projects\pool game v3.0@week4\openglbowling\debug\threaded_server.obj
d:\uni projects\pool game v3.0@week4\openglbowling\debug\pool game.pdb
d:\uni projects\pool game v3.0@week4\openglbowling\debug\pool game.tlog\cl.command.1.tlog
d:\uni projects\pool game v3.0@week4\openglbowling\debug\pool game.tlog\cl.read.1.tlog
d:\uni projects\pool game v3.0@week4\openglbowling\debug\pool game.tlog\cl.write.1.tlog
d:\uni projects\pool game v3.0@week4\openglbowling\debug\pool game.tlog\link-cvtres.read.1.tlog
d:\uni projects\pool game v3.0@week4\openglbowling\debug\pool game.tlog\link-cvtres.write.1.tlog
d:\uni projects\pool game v3.0@week4\openglbowling\debug\pool game.tlog\link-rc.read.1.tlog
d:\uni projects\pool game v3.0@week4\openglbowling\debug\pool game.tlog\link-rc.write.1.tlog
d:\uni projects\pool game v3.0@week4\openglbowling\debug\pool game.tlog\link.26756-cvtres.read.1.tlog
d:\uni projects\pool game v3.0@week4\openglbowling\debug\pool game.tlog\link.26756-cvtres.write.1.tlog
d:\uni projects\pool game v3.0@week4\openglbowling\debug\pool game.tlog\link.26756-rc.read.1.tlog
d:\uni projects\pool game v3.0@week4\openglbowling\debug\pool game.tlog\link.26756-rc.write.1.tlog
d:\uni projects\pool game v3.0@week4\openglbowling\debug\pool game.tlog\link.26756.read.1.tlog
d:\uni projects\pool game v3.0@week4\openglbowling\debug\pool game.tlog\link.26756.write.1.tlog
d:\uni projects\pool game v3.0@week4\openglbowling\debug\pool game.tlog\link.command.1.tlog
d:\uni projects\pool game v3.0@week4\openglbowling\debug\pool game.tlog\link.read.1.tlog
d:\uni projects\pool game v3.0@week4\openglbowling\debug\pool game.tlog\link.write.1.tlog
